mode: set
github.com/etlmon/etlmon/cmd/etlmon/main.go:25.13,32.18 5 0
github.com/etlmon/etlmon/cmd/etlmon/main.go:32.18,35.3 2 0
github.com/etlmon/etlmon/cmd/etlmon/main.go:37.2,37.23 1 0
github.com/etlmon/etlmon/cmd/etlmon/main.go:37.23,41.3 3 0
github.com/etlmon/etlmon/cmd/etlmon/main.go:44.2,45.16 2 0
github.com/etlmon/etlmon/cmd/etlmon/main.go:45.16,47.3 1 0
github.com/etlmon/etlmon/cmd/etlmon/main.go:49.2,49.39 1 0
github.com/etlmon/etlmon/cmd/etlmon/main.go:49.39,51.3 1 0
github.com/etlmon/etlmon/cmd/etlmon/main.go:54.2,54.19 1 0
github.com/etlmon/etlmon/cmd/etlmon/main.go:54.19,56.3 1 0
github.com/etlmon/etlmon/cmd/etlmon/main.go:59.2,60.16 2 0
github.com/etlmon/etlmon/cmd/etlmon/main.go:60.16,62.3 1 0
github.com/etlmon/etlmon/cmd/etlmon/main.go:63.2,65.43 2 0
github.com/etlmon/etlmon/cmd/etlmon/main.go:65.43,67.3 1 0
github.com/etlmon/etlmon/cmd/etlmon/main.go:70.2,71.16 2 0
github.com/etlmon/etlmon/cmd/etlmon/main.go:71.16,73.3 1 0
github.com/etlmon/etlmon/cmd/etlmon/main.go:76.2,82.41 3 0
github.com/etlmon/etlmon/cmd/etlmon/main.go:82.41,83.19 1 0
github.com/etlmon/etlmon/cmd/etlmon/main.go:84.14,85.54 1 0
github.com/etlmon/etlmon/cmd/etlmon/main.go:86.17,87.57 1 0
github.com/etlmon/etlmon/cmd/etlmon/main.go:88.15,89.73 1 0
github.com/etlmon/etlmon/cmd/etlmon/main.go:94.2,109.12 8 0
github.com/etlmon/etlmon/cmd/etlmon/main.go:109.12,110.60 1 0
github.com/etlmon/etlmon/cmd/etlmon/main.go:110.60,111.11 1 0
github.com/etlmon/etlmon/cmd/etlmon/main.go:112.32,112.32 0 0
github.com/etlmon/etlmon/cmd/etlmon/main.go:113.12,113.12 0 0
github.com/etlmon/etlmon/cmd/etlmon/main.go:120.2,120.12 1 0
github.com/etlmon/etlmon/cmd/etlmon/main.go:120.12,124.7 3 0
github.com/etlmon/etlmon/cmd/etlmon/main.go:124.7,125.11 1 0
github.com/etlmon/etlmon/cmd/etlmon/main.go:126.22,127.11 1 0
github.com/etlmon/etlmon/cmd/etlmon/main.go:128.34,130.31 1 0
github.com/etlmon/etlmon/cmd/etlmon/main.go:130.31,132.6 1 0
github.com/etlmon/etlmon/cmd/etlmon/main.go:135.5,135.32 1 0
github.com/etlmon/etlmon/cmd/etlmon/main.go:135.32,137.6 1 0
github.com/etlmon/etlmon/cmd/etlmon/main.go:139.20,142.25 2 0
github.com/etlmon/etlmon/cmd/etlmon/main.go:142.25,145.32 2 0
github.com/etlmon/etlmon/cmd/etlmon/main.go:145.32,155.7 1 0
github.com/etlmon/etlmon/cmd/etlmon/main.go:157.6,157.51 1 0
github.com/etlmon/etlmon/cmd/etlmon/main.go:157.51,159.7 1 0
github.com/etlmon/etlmon/cmd/etlmon/main.go:162.6,162.33 1 0
github.com/etlmon/etlmon/cmd/etlmon/main.go:162.33,164.7 1 0
github.com/etlmon/etlmon/cmd/etlmon/main.go:171.2,171.12 1 0
github.com/etlmon/etlmon/cmd/etlmon/main.go:171.12,176.3 4 0
github.com/etlmon/etlmon/cmd/etlmon/main.go:179.2,179.34 1 0
github.com/etlmon/etlmon/cmd/etlmon/main.go:179.34,181.3 1 0
github.com/etlmon/etlmon/cmd/etlmon/main.go:183.2,183.31 1 0
github.com/etlmon/etlmon/internal/config/config.go:71.41,73.16 2 1
github.com/etlmon/etlmon/internal/config/config.go:73.16,75.3 1 1
github.com/etlmon/etlmon/internal/config/config.go:77.2,78.51 2 1
github.com/etlmon/etlmon/internal/config/config.go:78.51,80.3 1 1
github.com/etlmon/etlmon/internal/config/config.go:83.2,83.27 1 1
github.com/etlmon/etlmon/internal/config/config.go:83.27,85.17 2 1
github.com/etlmon/etlmon/internal/config/config.go:85.17,87.4 1 0
github.com/etlmon/etlmon/internal/config/config.go:88.3,88.26 1 1
github.com/etlmon/etlmon/internal/config/config.go:92.2,92.29 1 1
github.com/etlmon/etlmon/internal/config/config.go:92.29,94.3 1 0
github.com/etlmon/etlmon/internal/config/config.go:96.2,96.18 1 1
github.com/etlmon/etlmon/internal/config/config.go:100.35,101.21 1 1
github.com/etlmon/etlmon/internal/config/config.go:101.21,103.3 1 1
github.com/etlmon/etlmon/internal/config/config.go:105.2,105.27 1 1
github.com/etlmon/etlmon/internal/config/config.go:105.27,107.3 1 1
github.com/etlmon/etlmon/internal/config/config.go:109.2,109.32 1 1
github.com/etlmon/etlmon/internal/config/config.go:109.32,110.25 1 1
github.com/etlmon/etlmon/internal/config/config.go:110.25,112.4 1 1
github.com/etlmon/etlmon/internal/config/config.go:115.2,115.25 1 1
github.com/etlmon/etlmon/internal/config/config.go:115.25,117.3 1 1
github.com/etlmon/etlmon/internal/config/config.go:119.2,119.30 1 1
github.com/etlmon/etlmon/internal/config/config.go:119.30,120.43 1 1
github.com/etlmon/etlmon/internal/config/config.go:120.43,122.4 1 1
github.com/etlmon/etlmon/internal/config/config.go:125.2,125.30 1 1
github.com/etlmon/etlmon/internal/config/config.go:125.30,127.3 1 1
github.com/etlmon/etlmon/internal/config/config.go:129.2,129.35 1 1
github.com/etlmon/etlmon/internal/config/config.go:129.35,130.28 1 1
github.com/etlmon/etlmon/internal/config/config.go:130.28,132.4 1 1
github.com/etlmon/etlmon/internal/config/config.go:136.2,136.42 1 1
github.com/etlmon/etlmon/internal/config/config.go:136.42,138.3 1 0
github.com/etlmon/etlmon/internal/config/config.go:140.2,140.12 1 1
github.com/etlmon/etlmon/internal/config/config.go:144.51,145.13 1 1
github.com/etlmon/etlmon/internal/config/config.go:145.13,147.3 1 1
github.com/etlmon/etlmon/internal/config/config.go:149.2,150.16 2 1
github.com/etlmon/etlmon/internal/config/config.go:150.16,152.3 1 1
github.com/etlmon/etlmon/internal/config/config.go:154.2,154.12 1 1
github.com/etlmon/etlmon/internal/config/config.go:154.12,156.3 1 1
github.com/etlmon/etlmon/internal/config/config.go:158.2,158.15 1 1
github.com/etlmon/etlmon/internal/config/config.go:162.64,164.30 2 1
github.com/etlmon/etlmon/internal/config/config.go:164.30,166.17 2 1
github.com/etlmon/etlmon/internal/config/config.go:166.17,168.4 1 0
github.com/etlmon/etlmon/internal/config/config.go:169.3,169.19 1 1
github.com/etlmon/etlmon/internal/config/config.go:171.2,171.23 1 1
github.com/etlmon/etlmon/internal/config/config.go:175.39,177.65 1 1
github.com/etlmon/etlmon/internal/config/config.go:177.65,179.3 1 0
github.com/etlmon/etlmon/internal/config/config.go:182.2,182.28 1 1
github.com/etlmon/etlmon/internal/config/config.go:182.28,183.19 1 0
github.com/etlmon/etlmon/internal/config/config.go:183.19,185.4 1 0
github.com/etlmon/etlmon/internal/config/config.go:186.3,186.52 1 0
github.com/etlmon/etlmon/internal/config/config.go:186.52,188.4 1 0
github.com/etlmon/etlmon/internal/config/config.go:191.2,191.12 1 1
github.com/etlmon/etlmon/internal/config/config.go:195.70,196.29 1 0
github.com/etlmon/etlmon/internal/config/config.go:196.29,198.3 1 0
github.com/etlmon/etlmon/internal/config/config.go:199.2,199.27 1 0
github.com/etlmon/etlmon/internal/config/config.go:199.27,201.3 1 0
github.com/etlmon/etlmon/internal/config/config.go:202.2,202.24 1 0
github.com/etlmon/etlmon/internal/aggregator/aggregator.go:29.76,31.28 2 1
github.com/etlmon/etlmon/internal/aggregator/aggregator.go:31.28,33.3 1 1
github.com/etlmon/etlmon/internal/aggregator/aggregator.go:35.2,38.3 1 1
github.com/etlmon/etlmon/internal/aggregator/aggregator.go:42.46,46.32 3 1
github.com/etlmon/etlmon/internal/aggregator/aggregator.go:46.32,48.3 1 1
github.com/etlmon/etlmon/internal/aggregator/aggregator.go:52.70,58.39 4 1
github.com/etlmon/etlmon/internal/aggregator/aggregator.go:58.39,59.32 1 1
github.com/etlmon/etlmon/internal/aggregator/aggregator.go:59.32,63.29 2 1
github.com/etlmon/etlmon/internal/aggregator/aggregator.go:63.29,65.25 2 1
github.com/etlmon/etlmon/internal/aggregator/aggregator.go:65.25,66.14 1 0
github.com/etlmon/etlmon/internal/aggregator/aggregator.go:70.5,70.40 1 1
github.com/etlmon/etlmon/internal/aggregator/aggregator.go:70.40,72.13 2 1
github.com/etlmon/etlmon/internal/aggregator/aggregator.go:72.13,73.15 1 0
github.com/etlmon/etlmon/internal/aggregator/aggregator.go:76.6,84.8 1 1
github.com/etlmon/etlmon/internal/aggregator/aggregator.go:89.4,89.24 1 1
github.com/etlmon/etlmon/internal/aggregator/aggregator.go:93.2,93.16 1 1
github.com/etlmon/etlmon/internal/aggregator/aggregator.go:97.59,102.27 4 1
github.com/etlmon/etlmon/internal/aggregator/aggregator.go:102.27,104.3 1 1
github.com/etlmon/etlmon/internal/aggregator/aggregator.go:105.2,105.18 1 1
github.com/etlmon/etlmon/internal/aggregator/functions.go:4.36,5.22 1 1
github.com/etlmon/etlmon/internal/aggregator/functions.go:5.22,7.3 1 1
github.com/etlmon/etlmon/internal/aggregator/functions.go:8.2,9.27 2 1
github.com/etlmon/etlmon/internal/aggregator/functions.go:9.27,11.3 1 1
github.com/etlmon/etlmon/internal/aggregator/functions.go:12.2,12.35 1 1
github.com/etlmon/etlmon/internal/aggregator/functions.go:16.36,17.22 1 1
github.com/etlmon/etlmon/internal/aggregator/functions.go:17.22,19.3 1 1
github.com/etlmon/etlmon/internal/aggregator/functions.go:20.2,21.31 2 1
github.com/etlmon/etlmon/internal/aggregator/functions.go:21.31,22.14 1 1
github.com/etlmon/etlmon/internal/aggregator/functions.go:22.14,24.4 1 1
github.com/etlmon/etlmon/internal/aggregator/functions.go:26.2,26.12 1 1
github.com/etlmon/etlmon/internal/aggregator/functions.go:30.36,31.22 1 1
github.com/etlmon/etlmon/internal/aggregator/functions.go:31.22,33.3 1 1
github.com/etlmon/etlmon/internal/aggregator/functions.go:34.2,35.31 2 1
github.com/etlmon/etlmon/internal/aggregator/functions.go:35.31,36.14 1 1
github.com/etlmon/etlmon/internal/aggregator/functions.go:36.14,38.4 1 1
github.com/etlmon/etlmon/internal/aggregator/functions.go:40.2,40.12 1 1
github.com/etlmon/etlmon/internal/aggregator/functions.go:44.37,45.22 1 1
github.com/etlmon/etlmon/internal/aggregator/functions.go:45.22,47.3 1 1
github.com/etlmon/etlmon/internal/aggregator/functions.go:48.2,48.30 1 1
github.com/etlmon/etlmon/internal/aggregator/window.go:21.60,27.2 1 1
github.com/etlmon/etlmon/internal/aggregator/window.go:30.48,34.2 3 1
github.com/etlmon/etlmon/internal/aggregator/window.go:37.34,41.2 3 1
github.com/etlmon/etlmon/internal/aggregator/window.go:44.67,49.30 4 1
github.com/etlmon/etlmon/internal/aggregator/window.go:49.30,50.69 1 1
github.com/etlmon/etlmon/internal/aggregator/window.go:50.69,53.34 2 1
github.com/etlmon/etlmon/internal/aggregator/window.go:53.34,55.5 1 1
github.com/etlmon/etlmon/internal/aggregator/window.go:58.2,58.15 1 1
github.com/etlmon/etlmon/internal/aggregator/window.go:62.68,69.30 5 1
github.com/etlmon/etlmon/internal/aggregator/window.go:69.30,75.17 2 1
github.com/etlmon/etlmon/internal/aggregator/window.go:75.17,78.4 2 1
github.com/etlmon/etlmon/internal/aggregator/window.go:80.2,80.13 1 1
github.com/etlmon/etlmon/internal/aggregator/window.go:91.54,92.22 1 1
github.com/etlmon/etlmon/internal/aggregator/window.go:92.22,94.3 1 1
github.com/etlmon/etlmon/internal/aggregator/window.go:96.2,97.24 2 1
github.com/etlmon/etlmon/internal/aggregator/window.go:97.24,99.3 1 1
github.com/etlmon/etlmon/internal/aggregator/window.go:100.2,104.25 3 1
github.com/etlmon/etlmon/internal/aggregator/window.go:104.25,106.3 1 1
github.com/etlmon/etlmon/internal/aggregator/window.go:108.2,109.18 2 1
github.com/etlmon/etlmon/internal/aggregator/window.go:113.32,117.2 3 1
github.com/etlmon/etlmon/internal/aggregator/window.go:120.48,124.2 3 1
github.com/etlmon/etlmon/internal/aggregator/window.go:127.46,131.2 3 1
github.com/etlmon/etlmon/internal/aggregator/window.go:134.61,138.2 3 1
github.com/etlmon/etlmon/internal/aggregator/window.go:141.51,146.2 4 1
github.com/etlmon/etlmon/internal/aggregator/window.go:149.49,151.2 1 1
github.com/etlmon/etlmon/internal/storage/sqlite.go:23.58,26.29 2 1
github.com/etlmon/etlmon/internal/storage/sqlite.go:26.29,27.48 1 1
github.com/etlmon/etlmon/internal/storage/sqlite.go:27.48,29.4 1 1
github.com/etlmon/etlmon/internal/storage/sqlite.go:33.2,35.16 3 1
github.com/etlmon/etlmon/internal/storage/sqlite.go:35.16,37.3 1 0
github.com/etlmon/etlmon/internal/storage/sqlite.go:40.2,40.34 1 1
github.com/etlmon/etlmon/internal/storage/sqlite.go:40.34,43.3 2 0
github.com/etlmon/etlmon/internal/storage/sqlite.go:45.2,48.8 1 1
github.com/etlmon/etlmon/internal/storage/sqlite.go:52.42,57.16 4 1
github.com/etlmon/etlmon/internal/storage/sqlite.go:57.16,59.3 1 0
github.com/etlmon/etlmon/internal/storage/sqlite.go:62.2,64.41 3 1
github.com/etlmon/etlmon/internal/storage/sqlite.go:64.41,66.3 1 0
github.com/etlmon/etlmon/internal/storage/sqlite.go:68.2,68.16 1 1
github.com/etlmon/etlmon/internal/storage/sqlite.go:68.16,70.17 2 1
github.com/etlmon/etlmon/internal/storage/sqlite.go:70.17,72.4 1 0
github.com/etlmon/etlmon/internal/storage/sqlite.go:73.3,74.17 2 1
github.com/etlmon/etlmon/internal/storage/sqlite.go:74.17,76.4 1 0
github.com/etlmon/etlmon/internal/storage/sqlite.go:79.2,79.12 1 1
github.com/etlmon/etlmon/internal/storage/sqlite.go:83.76,92.16 4 1
github.com/etlmon/etlmon/internal/storage/sqlite.go:92.16,94.3 1 0
github.com/etlmon/etlmon/internal/storage/sqlite.go:96.2,96.12 1 1
github.com/etlmon/etlmon/internal/storage/sqlite.go:100.68,105.16 4 1
github.com/etlmon/etlmon/internal/storage/sqlite.go:105.16,107.3 1 0
github.com/etlmon/etlmon/internal/storage/sqlite.go:108.2,114.16 3 1
github.com/etlmon/etlmon/internal/storage/sqlite.go:114.16,116.3 1 0
github.com/etlmon/etlmon/internal/storage/sqlite.go:117.2,119.33 2 1
github.com/etlmon/etlmon/internal/storage/sqlite.go:119.33,121.17 2 1
github.com/etlmon/etlmon/internal/storage/sqlite.go:121.17,123.4 1 0
github.com/etlmon/etlmon/internal/storage/sqlite.go:126.2,126.36 1 1
github.com/etlmon/etlmon/internal/storage/sqlite.go:126.36,128.3 1 0
github.com/etlmon/etlmon/internal/storage/sqlite.go:130.2,130.12 1 1
github.com/etlmon/etlmon/internal/storage/sqlite.go:134.87,141.29 5 1
github.com/etlmon/etlmon/internal/storage/sqlite.go:141.29,144.3 2 1
github.com/etlmon/etlmon/internal/storage/sqlite.go:145.2,145.27 1 1
github.com/etlmon/etlmon/internal/storage/sqlite.go:145.27,148.3 2 0
github.com/etlmon/etlmon/internal/storage/sqlite.go:149.2,149.27 1 1
github.com/etlmon/etlmon/internal/storage/sqlite.go:149.27,152.3 2 1
github.com/etlmon/etlmon/internal/storage/sqlite.go:153.2,153.32 1 1
github.com/etlmon/etlmon/internal/storage/sqlite.go:153.32,156.3 2 1
github.com/etlmon/etlmon/internal/storage/sqlite.go:157.2,157.24 1 1
github.com/etlmon/etlmon/internal/storage/sqlite.go:157.24,160.3 2 1
github.com/etlmon/etlmon/internal/storage/sqlite.go:161.2,161.22 1 1
github.com/etlmon/etlmon/internal/storage/sqlite.go:161.22,164.3 2 0
github.com/etlmon/etlmon/internal/storage/sqlite.go:165.2,165.23 1 1
github.com/etlmon/etlmon/internal/storage/sqlite.go:165.23,168.3 2 0
github.com/etlmon/etlmon/internal/storage/sqlite.go:170.2,171.25 2 1
github.com/etlmon/etlmon/internal/storage/sqlite.go:171.25,173.3 1 1
github.com/etlmon/etlmon/internal/storage/sqlite.go:174.2,176.20 2 1
github.com/etlmon/etlmon/internal/storage/sqlite.go:176.20,178.3 1 1
github.com/etlmon/etlmon/internal/storage/sqlite.go:180.2,181.16 2 1
github.com/etlmon/etlmon/internal/storage/sqlite.go:181.16,183.3 1 0
github.com/etlmon/etlmon/internal/storage/sqlite.go:184.2,187.18 3 1
github.com/etlmon/etlmon/internal/storage/sqlite.go:187.18,190.17 3 1
github.com/etlmon/etlmon/internal/storage/sqlite.go:190.17,192.4 1 0
github.com/etlmon/etlmon/internal/storage/sqlite.go:193.3,193.31 1 1
github.com/etlmon/etlmon/internal/storage/sqlite.go:196.2,196.21 1 1
github.com/etlmon/etlmon/internal/storage/sqlite.go:200.102,206.2 1 1
github.com/etlmon/etlmon/internal/storage/sqlite.go:209.37,213.14 3 1
github.com/etlmon/etlmon/internal/storage/sqlite.go:213.14,215.3 1 1
github.com/etlmon/etlmon/internal/storage/sqlite.go:216.2,218.21 2 1
github.com/etlmon/etlmon/internal/tui/app.go:44.20,58.2 4 1
github.com/etlmon/etlmon/internal/tui/app.go:61.29,73.2 4 1
github.com/etlmon/etlmon/internal/tui/app.go:76.34,77.68 1 1
github.com/etlmon/etlmon/internal/tui/app.go:77.68,78.22 1 0
github.com/etlmon/etlmon/internal/tui/app.go:79.40,81.14 2 0
github.com/etlmon/etlmon/internal/tui/app.go:82.21,84.14 2 0
github.com/etlmon/etlmon/internal/tui/app.go:87.3,87.23 1 0
github.com/etlmon/etlmon/internal/tui/app.go:88.17,90.14 2 0
github.com/etlmon/etlmon/internal/tui/app.go:91.17,93.14 2 0
github.com/etlmon/etlmon/internal/tui/app.go:94.17,96.14 2 0
github.com/etlmon/etlmon/internal/tui/app.go:97.12,100.14 3 0
github.com/etlmon/etlmon/internal/tui/app.go:101.12,104.14 3 0
github.com/etlmon/etlmon/internal/tui/app.go:105.12,108.14 3 0
github.com/etlmon/etlmon/internal/tui/app.go:109.17,113.35 4 0
github.com/etlmon/etlmon/internal/tui/app.go:113.35,116.5 2 0
github.com/etlmon/etlmon/internal/tui/app.go:117.4,117.14 1 0
github.com/etlmon/etlmon/internal/tui/app.go:120.3,120.15 1 0
github.com/etlmon/etlmon/internal/tui/app.go:125.28,126.35 1 0
github.com/etlmon/etlmon/internal/tui/app.go:126.35,128.3 1 0
github.com/etlmon/etlmon/internal/tui/app.go:128.8,130.3 1 0
github.com/etlmon/etlmon/internal/tui/app.go:134.41,139.14 4 1
github.com/etlmon/etlmon/internal/tui/app.go:140.20,141.35 1 1
github.com/etlmon/etlmon/internal/tui/app.go:142.19,144.21 2 1
github.com/etlmon/etlmon/internal/tui/app.go:149.32,150.20 1 1
github.com/etlmon/etlmon/internal/tui/app.go:150.20,152.3 1 1
github.com/etlmon/etlmon/internal/tui/app.go:154.2,162.16 5 0
github.com/etlmon/etlmon/internal/tui/app.go:162.16,164.3 1 0
github.com/etlmon/etlmon/internal/tui/app.go:167.2,168.28 2 0
github.com/etlmon/etlmon/internal/tui/app.go:168.28,178.3 2 0
github.com/etlmon/etlmon/internal/tui/app.go:180.2,180.31 1 0
github.com/etlmon/etlmon/internal/tui/app.go:184.37,188.2 3 1
github.com/etlmon/etlmon/internal/tui/app.go:191.62,198.13 6 1
github.com/etlmon/etlmon/internal/tui/app.go:198.13,200.3 1 0
github.com/etlmon/etlmon/internal/tui/app.go:204.77,211.13 5 1
github.com/etlmon/etlmon/internal/tui/app.go:211.13,213.3 1 0
github.com/etlmon/etlmon/internal/tui/app.go:217.27,227.2 9 0
github.com/etlmon/etlmon/internal/tui/app.go:230.22,232.2 1 0
github.com/etlmon/etlmon/internal/tui/app.go:235.41,237.2 1 0
github.com/etlmon/etlmon/internal/tui/app.go:240.40,242.18 2 1
github.com/etlmon/etlmon/internal/tui/app.go:242.18,244.3 1 1
github.com/etlmon/etlmon/internal/tui/app.go:245.2,246.46 2 1
github.com/etlmon/etlmon/internal/tui/app.go:246.46,249.3 2 1
github.com/etlmon/etlmon/internal/tui/app.go:250.2,250.58 1 1
github.com/etlmon/etlmon/internal/tui/app.go:254.45,255.20 1 1
github.com/etlmon/etlmon/internal/tui/app.go:255.20,257.3 1 1
github.com/etlmon/etlmon/internal/tui/app.go:258.2,258.22 1 1
github.com/etlmon/etlmon/internal/tui/app.go:258.22,260.3 1 1
github.com/etlmon/etlmon/internal/tui/app.go:261.2,261.45 1 1
github.com/etlmon/etlmon/internal/tui/history.go:24.36,39.2 3 1
github.com/etlmon/etlmon/internal/tui/history.go:42.70,48.27 3 1
github.com/etlmon/etlmon/internal/tui/history.go:48.27,50.3 1 0
github.com/etlmon/etlmon/internal/tui/history.go:51.2,53.12 2 1
github.com/etlmon/etlmon/internal/tui/history.go:57.54,62.2 4 1
github.com/etlmon/etlmon/internal/tui/history.go:65.56,70.2 4 1
github.com/etlmon/etlmon/internal/tui/history.go:73.32,87.2 10 1
github.com/etlmon/etlmon/internal/tui/history.go:90.121,91.23 1 1
github.com/etlmon/etlmon/internal/tui/history.go:91.23,93.3 1 1
github.com/etlmon/etlmon/internal/tui/history.go:95.2,99.28 3 1
github.com/etlmon/etlmon/internal/tui/history.go:99.28,101.54 2 1
github.com/etlmon/etlmon/internal/tui/history.go:101.54,102.12 1 1
github.com/etlmon/etlmon/internal/tui/history.go:104.3,104.63 1 1
github.com/etlmon/etlmon/internal/tui/history.go:104.63,105.12 1 0
github.com/etlmon/etlmon/internal/tui/history.go:107.3,107.33 1 1
github.com/etlmon/etlmon/internal/tui/history.go:111.2,112.26 2 1
github.com/etlmon/etlmon/internal/tui/history.go:112.26,114.3 1 0
github.com/etlmon/etlmon/internal/tui/history.go:115.2,117.24 2 1
github.com/etlmon/etlmon/internal/tui/history.go:117.24,120.3 2 0
github.com/etlmon/etlmon/internal/tui/history.go:123.2,123.43 1 1
github.com/etlmon/etlmon/internal/tui/history.go:123.43,125.3 1 1
github.com/etlmon/etlmon/internal/tui/history.go:128.2,129.27 2 1
github.com/etlmon/etlmon/internal/tui/history.go:129.27,131.3 1 1
github.com/etlmon/etlmon/internal/tui/history.go:134.2,138.29 3 1
github.com/etlmon/etlmon/internal/tui/history.go:138.29,143.46 3 1
github.com/etlmon/etlmon/internal/tui/history.go:143.46,145.4 1 1
github.com/etlmon/etlmon/internal/tui/history.go:145.9,145.55 1 1
github.com/etlmon/etlmon/internal/tui/history.go:145.55,147.4 1 1
github.com/etlmon/etlmon/internal/tui/history.go:147.9,149.4 1 0
github.com/etlmon/etlmon/internal/tui/history.go:151.3,157.5 1 1
github.com/etlmon/etlmon/internal/tui/history.go:160.2,162.20 2 1
github.com/etlmon/etlmon/internal/tui/history.go:166.41,167.19 1 1
github.com/etlmon/etlmon/internal/tui/history.go:167.19,169.3 1 1
github.com/etlmon/etlmon/internal/tui/history.go:170.2,170.26 1 1
github.com/etlmon/etlmon/internal/tui/history.go:174.40,178.2 3 1
github.com/etlmon/etlmon/internal/tui/realtime.go:32.38,47.2 3 1
github.com/etlmon/etlmon/internal/tui/realtime.go:50.59,57.2 5 1
github.com/etlmon/etlmon/internal/tui/realtime.go:60.33,68.30 7 1
github.com/etlmon/etlmon/internal/tui/realtime.go:68.30,70.3 1 1
github.com/etlmon/etlmon/internal/tui/realtime.go:70.8,72.3 1 1
github.com/etlmon/etlmon/internal/tui/realtime.go:75.2,78.15 4 1
github.com/etlmon/etlmon/internal/tui/realtime.go:82.73,83.23 1 1
github.com/etlmon/etlmon/internal/tui/realtime.go:83.23,85.3 1 1
github.com/etlmon/etlmon/internal/tui/realtime.go:87.2,91.28 3 1
github.com/etlmon/etlmon/internal/tui/realtime.go:91.28,93.3 1 1
github.com/etlmon/etlmon/internal/tui/realtime.go:96.2,97.25 2 1
github.com/etlmon/etlmon/internal/tui/realtime.go:97.25,99.3 1 1
github.com/etlmon/etlmon/internal/tui/realtime.go:100.2,102.37 2 1
github.com/etlmon/etlmon/internal/tui/realtime.go:102.37,109.51 3 1
github.com/etlmon/etlmon/internal/tui/realtime.go:109.51,111.4 1 1
github.com/etlmon/etlmon/internal/tui/realtime.go:113.3,113.37 1 1
github.com/etlmon/etlmon/internal/tui/realtime.go:113.37,116.41 2 1
github.com/etlmon/etlmon/internal/tui/realtime.go:116.41,118.5 1 1
github.com/etlmon/etlmon/internal/tui/realtime.go:118.10,118.50 1 1
github.com/etlmon/etlmon/internal/tui/realtime.go:118.50,121.21 2 1
github.com/etlmon/etlmon/internal/tui/realtime.go:121.21,123.6 1 1
github.com/etlmon/etlmon/internal/tui/realtime.go:123.11,123.28 1 1
github.com/etlmon/etlmon/internal/tui/realtime.go:123.28,125.6 1 1
github.com/etlmon/etlmon/internal/tui/realtime.go:125.11,127.6 1 1
github.com/etlmon/etlmon/internal/tui/realtime.go:128.10,130.5 1 0
github.com/etlmon/etlmon/internal/tui/realtime.go:133.4,134.25 2 1
github.com/etlmon/etlmon/internal/tui/realtime.go:134.25,135.45 1 1
github.com/etlmon/etlmon/internal/tui/realtime.go:135.45,137.6 1 1
github.com/etlmon/etlmon/internal/tui/realtime.go:140.4,140.77 1 1
github.com/etlmon/etlmon/internal/tui/realtime.go:142.3,142.23 1 1
github.com/etlmon/etlmon/internal/tui/realtime.go:145.2,147.20 2 1
github.com/etlmon/etlmon/internal/tui/realtime.go:151.78,152.23 1 1
github.com/etlmon/etlmon/internal/tui/realtime.go:152.23,154.3 1 1
github.com/etlmon/etlmon/internal/tui/realtime.go:156.2,169.28 6 1
github.com/etlmon/etlmon/internal/tui/realtime.go:169.28,171.43 2 1
github.com/etlmon/etlmon/internal/tui/realtime.go:171.43,173.4 1 1
github.com/etlmon/etlmon/internal/tui/realtime.go:175.3,175.26 1 1
github.com/etlmon/etlmon/internal/tui/realtime.go:175.26,177.4 1 1
github.com/etlmon/etlmon/internal/tui/realtime.go:178.3,178.33 1 1
github.com/etlmon/etlmon/internal/tui/realtime.go:182.2,183.25 2 1
github.com/etlmon/etlmon/internal/tui/realtime.go:183.25,185.3 1 1
github.com/etlmon/etlmon/internal/tui/realtime.go:186.2,186.39 1 1
github.com/etlmon/etlmon/internal/tui/realtime.go:186.39,187.51 1 1
github.com/etlmon/etlmon/internal/tui/realtime.go:187.51,189.4 1 0
github.com/etlmon/etlmon/internal/tui/realtime.go:190.3,190.49 1 1
github.com/etlmon/etlmon/internal/tui/realtime.go:194.2,194.27 1 1
github.com/etlmon/etlmon/internal/tui/realtime.go:194.27,199.27 3 1
github.com/etlmon/etlmon/internal/tui/realtime.go:199.27,201.4 1 1
github.com/etlmon/etlmon/internal/tui/realtime.go:204.3,212.54 6 1
github.com/etlmon/etlmon/internal/tui/realtime.go:212.54,215.4 2 1
github.com/etlmon/etlmon/internal/tui/realtime.go:215.9,215.50 1 1
github.com/etlmon/etlmon/internal/tui/realtime.go:215.50,218.4 2 1
github.com/etlmon/etlmon/internal/tui/realtime.go:221.3,222.15 2 1
github.com/etlmon/etlmon/internal/tui/realtime.go:222.15,224.25 2 1
github.com/etlmon/etlmon/internal/tui/realtime.go:224.25,226.5 1 1
github.com/etlmon/etlmon/internal/tui/realtime.go:226.10,226.32 1 1
github.com/etlmon/etlmon/internal/tui/realtime.go:226.32,228.5 1 1
github.com/etlmon/etlmon/internal/tui/realtime.go:228.10,230.5 1 1
github.com/etlmon/etlmon/internal/tui/realtime.go:231.4,231.66 1 1
github.com/etlmon/etlmon/internal/tui/realtime.go:232.9,234.4 1 0
github.com/etlmon/etlmon/internal/tui/realtime.go:237.3,238.14 2 1
github.com/etlmon/etlmon/internal/tui/realtime.go:238.14,240.4 1 1
github.com/etlmon/etlmon/internal/tui/realtime.go:240.9,242.4 1 1
github.com/etlmon/etlmon/internal/tui/realtime.go:243.3,243.14 1 1
github.com/etlmon/etlmon/internal/tui/realtime.go:243.14,245.4 1 1
github.com/etlmon/etlmon/internal/tui/realtime.go:245.9,247.4 1 1
github.com/etlmon/etlmon/internal/tui/realtime.go:248.3,248.15 1 1
github.com/etlmon/etlmon/internal/tui/realtime.go:248.15,250.4 1 1
github.com/etlmon/etlmon/internal/tui/realtime.go:250.9,252.4 1 1
github.com/etlmon/etlmon/internal/tui/realtime.go:254.3,255.56 1 1
github.com/etlmon/etlmon/internal/tui/realtime.go:258.2,261.20 3 1
github.com/etlmon/etlmon/internal/tui/realtime.go:265.63,269.2 3 1
github.com/etlmon/etlmon/internal/tui/realtime.go:272.46,274.39 2 1
github.com/etlmon/etlmon/internal/tui/realtime.go:274.39,276.3 1 1
github.com/etlmon/etlmon/internal/tui/realtime.go:276.8,278.3 1 1
github.com/etlmon/etlmon/internal/tui/realtime.go:279.2,280.12 2 1
github.com/etlmon/etlmon/internal/tui/realtime.go:284.57,288.2 3 1
github.com/etlmon/etlmon/internal/tui/realtime.go:291.38,293.39 2 1
github.com/etlmon/etlmon/internal/tui/realtime.go:293.39,295.3 1 1
github.com/etlmon/etlmon/internal/tui/realtime.go:295.8,297.3 1 1
github.com/etlmon/etlmon/internal/tui/realtime.go:298.2,298.24 1 1
github.com/etlmon/etlmon/internal/tui/realtime.go:302.41,306.2 3 1
github.com/etlmon/etlmon/internal/tui/status.go:20.32,29.2 2 1
github.com/etlmon/etlmon/internal/tui/status.go:32.46,37.2 4 1
github.com/etlmon/etlmon/internal/tui/status.go:40.48,45.2 4 1
github.com/etlmon/etlmon/internal/tui/status.go:48.30,55.25 6 1
github.com/etlmon/etlmon/internal/tui/status.go:55.25,57.3 1 1
github.com/etlmon/etlmon/internal/tui/status.go:57.8,60.3 1 1
github.com/etlmon/etlmon/internal/tui/status.go:63.2,65.15 3 1
github.com/etlmon/etlmon/internal/tui/status.go:69.38,73.2 3 1
github.com/etlmon/etlmon/internal/collector/collector.go:35.50,40.2 1 1
github.com/etlmon/etlmon/internal/collector/collector.go:43.41,47.2 3 1
github.com/etlmon/etlmon/internal/collector/collector.go:51.70,57.36 4 1
github.com/etlmon/etlmon/internal/collector/collector.go:57.36,59.3 1 1
github.com/etlmon/etlmon/internal/collector/collector.go:61.2,61.6 1 1
github.com/etlmon/etlmon/internal/collector/collector.go:61.6,62.10 1 1
github.com/etlmon/etlmon/internal/collector/collector.go:63.21,64.10 1 1
github.com/etlmon/etlmon/internal/collector/collector.go:65.19,67.18 2 1
github.com/etlmon/etlmon/internal/collector/collector.go:67.18,68.13 1 1
github.com/etlmon/etlmon/internal/collector/collector.go:70.4,70.24 1 1
github.com/etlmon/etlmon/internal/collector/collector.go:70.24,72.5 1 1
github.com/etlmon/etlmon/internal/collector/collector.go:78.70,87.31 7 1
github.com/etlmon/etlmon/internal/collector/collector.go:87.31,89.17 2 1
github.com/etlmon/etlmon/internal/collector/collector.go:89.17,91.12 2 1
github.com/etlmon/etlmon/internal/collector/collector.go:93.3,93.46 1 1
github.com/etlmon/etlmon/internal/collector/collector.go:96.2,96.43 1 1
github.com/etlmon/etlmon/internal/collector/collector.go:96.43,98.3 1 1
github.com/etlmon/etlmon/internal/collector/collector.go:100.2,100.24 1 1
github.com/etlmon/etlmon/internal/collector/collector.go:130.37,132.2 1 1
github.com/etlmon/etlmon/internal/collector/cpu.go:17.38,21.2 1 1
github.com/etlmon/etlmon/internal/collector/cpu.go:24.38,26.2 1 1
github.com/etlmon/etlmon/internal/collector/cpu.go:29.71,32.16 2 1
github.com/etlmon/etlmon/internal/collector/cpu.go:32.16,34.3 1 1
github.com/etlmon/etlmon/internal/collector/cpu.go:36.2,40.26 3 1
github.com/etlmon/etlmon/internal/collector/cpu.go:40.26,42.33 2 1
github.com/etlmon/etlmon/internal/collector/cpu.go:42.33,44.4 1 1
github.com/etlmon/etlmon/internal/collector/cpu.go:45.3,52.5 2 1
github.com/etlmon/etlmon/internal/collector/cpu.go:55.2,55.21 1 1
github.com/etlmon/etlmon/internal/collector/disk.go:20.40,22.2 1 1
github.com/etlmon/etlmon/internal/collector/disk.go:25.71,36.2 2 1
github.com/etlmon/etlmon/internal/collector/disk.go:39.39,41.2 1 1
github.com/etlmon/etlmon/internal/collector/disk.go:44.72,46.30 1 1
github.com/etlmon/etlmon/internal/collector/disk.go:46.30,48.3 1 1
github.com/etlmon/etlmon/internal/collector/disk.go:50.2,50.38 1 1
github.com/etlmon/etlmon/internal/collector/disk.go:54.84,56.16 2 1
github.com/etlmon/etlmon/internal/collector/disk.go:56.16,58.3 1 0
github.com/etlmon/etlmon/internal/collector/disk.go:60.2,63.31 3 1
github.com/etlmon/etlmon/internal/collector/disk.go:63.31,65.27 1 1
github.com/etlmon/etlmon/internal/collector/disk.go:65.27,66.12 1 1
github.com/etlmon/etlmon/internal/collector/disk.go:69.3,70.17 2 1
github.com/etlmon/etlmon/internal/collector/disk.go:70.17,72.12 2 0
github.com/etlmon/etlmon/internal/collector/disk.go:76.3,105.5 4 1
github.com/etlmon/etlmon/internal/collector/disk.go:108.2,108.21 1 1
github.com/etlmon/etlmon/internal/collector/disk.go:112.87,116.41 3 1
github.com/etlmon/etlmon/internal/collector/disk.go:116.41,119.10 3 1
github.com/etlmon/etlmon/internal/collector/disk.go:119.10,122.4 2 0
github.com/etlmon/etlmon/internal/collector/disk.go:124.3,125.17 2 1
github.com/etlmon/etlmon/internal/collector/disk.go:125.17,127.12 2 0
github.com/etlmon/etlmon/internal/collector/disk.go:131.3,136.25 2 1
github.com/etlmon/etlmon/internal/collector/disk.go:136.25,138.4 1 1
github.com/etlmon/etlmon/internal/collector/disk.go:139.3,139.25 1 1
github.com/etlmon/etlmon/internal/collector/disk.go:139.25,141.4 1 1
github.com/etlmon/etlmon/internal/collector/disk.go:144.3,153.22 2 1
github.com/etlmon/etlmon/internal/collector/disk.go:153.22,169.4 2 1
github.com/etlmon/etlmon/internal/collector/disk.go:172.3,172.21 1 1
github.com/etlmon/etlmon/internal/collector/disk.go:172.21,180.4 1 1
github.com/etlmon/etlmon/internal/collector/disk.go:183.2,183.21 1 1
github.com/etlmon/etlmon/internal/collector/disk_methods.go:40.42,42.2 1 1
github.com/etlmon/etlmon/internal/collector/disk_methods.go:45.40,47.2 1 1
github.com/etlmon/etlmon/internal/collector/disk_methods.go:50.88,52.16 2 1
github.com/etlmon/etlmon/internal/collector/disk_methods.go:52.16,54.3 1 1
github.com/etlmon/etlmon/internal/collector/disk_methods.go:57.2,59.31 3 1
github.com/etlmon/etlmon/internal/collector/disk_methods.go:59.31,60.27 1 1
github.com/etlmon/etlmon/internal/collector/disk_methods.go:60.27,63.9 3 1
github.com/etlmon/etlmon/internal/collector/disk_methods.go:67.2,75.8 1 1
github.com/etlmon/etlmon/internal/collector/disk_methods.go:82.36,84.2 1 1
github.com/etlmon/etlmon/internal/collector/disk_methods.go:87.37,89.2 1 1
github.com/etlmon/etlmon/internal/collector/disk_methods.go:92.85,100.30 5 1
github.com/etlmon/etlmon/internal/collector/disk_methods.go:100.30,104.3 2 1
github.com/etlmon/etlmon/internal/collector/disk_methods.go:104.8,107.3 1 0
github.com/etlmon/etlmon/internal/collector/disk_methods.go:109.2,110.16 2 1
github.com/etlmon/etlmon/internal/collector/disk_methods.go:110.16,112.3 1 0
github.com/etlmon/etlmon/internal/collector/disk_methods.go:114.2,114.61 1 1
github.com/etlmon/etlmon/internal/collector/disk_methods.go:118.85,122.21 2 1
github.com/etlmon/etlmon/internal/collector/disk_methods.go:122.21,124.3 1 0
github.com/etlmon/etlmon/internal/collector/disk_methods.go:127.2,127.21 1 1
github.com/etlmon/etlmon/internal/collector/disk_methods.go:127.21,129.3 1 0
github.com/etlmon/etlmon/internal/collector/disk_methods.go:131.2,136.21 3 1
github.com/etlmon/etlmon/internal/collector/disk_methods.go:136.21,138.3 1 0
github.com/etlmon/etlmon/internal/collector/disk_methods.go:140.2,143.16 3 1
github.com/etlmon/etlmon/internal/collector/disk_methods.go:143.16,145.3 1 0
github.com/etlmon/etlmon/internal/collector/disk_methods.go:146.2,149.16 3 1
github.com/etlmon/etlmon/internal/collector/disk_methods.go:149.16,151.3 1 0
github.com/etlmon/etlmon/internal/collector/disk_methods.go:152.2,155.16 3 1
github.com/etlmon/etlmon/internal/collector/disk_methods.go:155.16,157.3 1 0
github.com/etlmon/etlmon/internal/collector/disk_methods.go:158.2,161.15 3 1
github.com/etlmon/etlmon/internal/collector/disk_methods.go:161.15,163.3 1 1
github.com/etlmon/etlmon/internal/collector/disk_methods.go:165.2,173.8 1 1
github.com/etlmon/etlmon/internal/collector/disk_methods.go:180.36,182.2 1 1
github.com/etlmon/etlmon/internal/collector/disk_methods.go:185.37,187.2 1 1
github.com/etlmon/etlmon/internal/collector/disk_methods.go:190.85,200.30 5 1
github.com/etlmon/etlmon/internal/collector/disk_methods.go:200.30,204.3 2 1
github.com/etlmon/etlmon/internal/collector/disk_methods.go:204.8,207.3 1 0
github.com/etlmon/etlmon/internal/collector/disk_methods.go:209.2,210.16 2 1
github.com/etlmon/etlmon/internal/collector/disk_methods.go:210.16,212.3 1 0
github.com/etlmon/etlmon/internal/collector/disk_methods.go:214.2,214.61 1 1
github.com/etlmon/etlmon/internal/collector/disk_methods.go:218.85,220.18 2 1
github.com/etlmon/etlmon/internal/collector/disk_methods.go:220.18,222.3 1 0
github.com/etlmon/etlmon/internal/collector/disk_methods.go:225.2,226.21 2 1
github.com/etlmon/etlmon/internal/collector/disk_methods.go:226.21,228.3 1 0
github.com/etlmon/etlmon/internal/collector/disk_methods.go:230.2,231.16 2 1
github.com/etlmon/etlmon/internal/collector/disk_methods.go:231.16,233.3 1 0
github.com/etlmon/etlmon/internal/collector/disk_methods.go:234.2,246.8 2 1
github.com/etlmon/etlmon/internal/collector/disk_methods.go:250.60,251.16 1 1
github.com/etlmon/etlmon/internal/collector/disk_methods.go:252.12,253.26 1 1
github.com/etlmon/etlmon/internal/collector/disk_methods.go:254.12,255.26 1 1
github.com/etlmon/etlmon/internal/collector/disk_methods.go:256.10,257.29 1 1
github.com/etlmon/etlmon/internal/collector/memory.go:14.44,16.2 1 1
github.com/etlmon/etlmon/internal/collector/memory.go:19.41,21.2 1 1
github.com/etlmon/etlmon/internal/collector/memory.go:24.74,26.16 2 1
github.com/etlmon/etlmon/internal/collector/memory.go:26.16,28.3 1 0
github.com/etlmon/etlmon/internal/collector/memory.go:30.2,59.21 3 1
